<?xml version="1.0" encoding="UTF-8"?>
<!-- Generated by org.testng.reporters.JUnitXMLReporter -->
<testsuite hostname="MMLDVKRISHT" ignored="0" tests="1" failures="1" timestamp="01 Nov 2019 08:03:45 GMT" time="3.862" errors="0">
  <testcase name="runTest" time="0.006" classname="TestChild">
    <failure type="java.lang.ClassCastException" message="[Ljava.lang.Object; cannot be cast to org.openqa.selenium.WebDriver">
      <![CDATA[java.lang.ClassCastException: [Ljava.lang.Object; cannot be cast to org.openqa.selenium.WebDriver
at TestChild.runTest(TestChild.java:21)
at TestBase.main(TestBase.java:31)
... Removed 22 stack frames]]>
    </failure>
  </testcase> <!-- runTest -->
</testsuite>
