<?xml version="1.0" encoding="UTF-8"?>
<!-- Generated by org.testng.reporters.JUnitXMLReporter -->
<testsuite hostname="MMLDVKRISH" ignored="0" name="Command line test" tests="1" failures="1" timestamp="02 Jan 2020 14:19:58 GMT" time="19.604" errors="0">
  <testcase name="@AfterClass tearDown" time="0.309" classname="Advisor.AdvisorHeader">
    <failure type="java.lang.NullPointerException">
      <![CDATA[java.lang.NullPointerException
at Advisor.AdvisorHeader.tearDown(AdvisorHeader.java:501)
... Removed 36 stack frames]]>
    </failure>
  </testcase> <!-- @AfterClass tearDown -->
  <testcase name="advisorHeaderCheck" time="8.867" classname="Advisor.AdvisorHeader">
    <failure type="java.lang.NullPointerException">
      <![CDATA[java.lang.NullPointerException
at Advisor.AdvisorHeader.advisorHeaderCheck(AdvisorHeader.java:93)
... Removed 35 stack frames]]>
    </failure>
  </testcase> <!-- advisorHeaderCheck -->
</testsuite> <!-- Command line test -->
