-------------------------------------------------------------------------------
Test set: Advisor.AdvisorHeader
-------------------------------------------------------------------------------
Tests run: 2, Failures: 2, Errors: 0, Skipped: 0, Time elapsed: 20.15 sec <<< FAILURE!
advisorHeaderCheck(Advisor.AdvisorHeader)  Time elapsed: 8.883 sec  <<< FAILURE!
java.lang.NullPointerException: null
	at Advisor.AdvisorHeader.advisorHeaderCheck(AdvisorHeader.java:93)

tearDown(Advisor.AdvisorHeader)  Time elapsed: 9.191 sec  <<< FAILURE!
java.lang.NullPointerException: null
	at Advisor.AdvisorHeader.tearDown(AdvisorHeader.java:501)

