<?xml version="1.0" encoding="UTF-8"?>
<testng-results skipped="0" failed="0" ignored="0" total="1" passed="1">
  <reporter-output>
  </reporter-output>
  <suite name="CM.CM Tests" duration-ms="1206782" started-at="2019-12-10T15:06:25Z" finished-at="2019-12-10T15:26:32Z">
    <groups>
    </groups>
    <test name="CM.CM - Get Framework" duration-ms="1206782" started-at="2019-12-10T15:06:25Z" finished-at="2019-12-10T15:26:32Z">
      <class name="Advisor.AdvisorHeader">
        <test-method status="PASS" signature="setUp()[pri:0, instance:Advisor.AdvisorHeader@4f970963]" name="setUp" is-config="true" duration-ms="11554" started-at="2019-12-10T15:06:25Z" finished-at="2019-12-10T15:06:37Z">
          <reporter-output>
          </reporter-output>
        </test-method> <!-- setUp -->
        <test-method status="PASS" signature="advisorHeaderCheck()[pri:0, instance:Advisor.AdvisorHeader@4f970963]" name="advisorHeaderCheck" duration-ms="1194141" started-at="2019-12-10T15:06:37Z" finished-at="2019-12-10T15:26:31Z">
          <reporter-output>
          </reporter-output>
        </test-method> <!-- advisorHeaderCheck -->
        <test-method status="PASS" signature="tearDown()[pri:0, instance:Advisor.AdvisorHeader@4f970963]" name="tearDown" is-config="true" duration-ms="1067" started-at="2019-12-10T15:26:31Z" finished-at="2019-12-10T15:26:32Z">
          <reporter-output>
          </reporter-output>
        </test-method> <!-- tearDown -->
      </class> <!-- Advisor.AdvisorHeader -->
    </test> <!-- CM.CM - Get Framework -->
  </suite> <!-- CM.CM Tests -->
</testng-results>
